# JRE version: OpenJDK Runtime Environment (11.0.10) (build 11.0.10+0-b96-7249189)
# Java VM: OpenJDK 64-Bit Server VM (11.0.10+0-b96-7249189, mixed mode, tiered, compressed oops, g1 gc, windows-amd64)
Heap:
 garbage-first heap   total 131072K, used 74155K [0x0000000080000000, 0x0000000100000000)
  region size 1024K, 46 young (47104K), 3 survivors (3072K)
 Metaspace       used 47094K, capacity 48318K, committed 48512K, reserved 1091584K
  class space    used 6009K, capacity 6450K, committed 6528K, reserved 1048576K
GC Heap History (14 events):
Event: 1.979 GC heap before
{Heap before GC invocations=0 (full 0):
 garbage-first heap   total 131072K, used 29696K [0x0000000080000000, 0x0000000100000000)
  region size 1024K, 24 young (24576K), 0 survivors (0K)
 Metaspace       used 10210K, capacity 10427K, committed 10624K, reserved 1058816K
  class space    used 1065K, capacity 1141K, committed 1152K, reserved 1048576K
}
Event: 1.994 GC heap after
{Heap after GC invocations=1 (full 0):
 garbage-first heap   total 131072K, used 9122K [0x0000000080000000, 0x0000000100000000)
  region size 1024K, 3 young (3072K), 3 survivors (3072K)
 Metaspace       used 10210K, capacity 10427K, committed 10624K, reserved 1058816K
  class space    used 1065K, capacity 1141K, committed 1152K, reserved 1048576K
}
Event: 8.167 GC heap before
{Heap before GC invocations=1 (full 0):
 garbage-first heap   total 131072K, used 83874K [0x0000000080000000, 0x0000000100000000)
  region size 1024K, 76 young (77824K), 3 survivors (3072K)
 Metaspace       used 17820K, capacity 18225K, committed 18432K, reserved 1064960K
  class space    used 2108K, capacity 2240K, committed 2304K, reserved 1048576K
}
Event: 8.228 GC heap after
{Heap after GC invocations=2 (full 0):
 garbage-first heap   total 131072K, used 15875K [0x0000000080000000, 0x0000000100000000)
  region size 1024K, 10 young (10240K), 10 survivors (10240K)
 Metaspace       used 17820K, capacity 18225K, committed 18432K, reserved 1064960K
  class space    used 2108K, capacity 2240K, committed 2304K, reserved 1048576K
}
Event: 9.139 GC heap before
{Heap before GC invocations=2 (full 0):
 garbage-first heap   total 131072K, used 37379K [0x0000000080000000, 0x0000000100000000)
  region size 1024K, 32 young (32768K), 10 survivors (10240K)
 Metaspace       used 20594K, capacity 21092K, committed 21248K, reserved 1067008K
  class space    used 2509K, capacity 2690K, committed 2816K, reserved 1048576K
}
Event: 9.160 GC heap after
{Heap after GC invocations=3 (full 0):
 garbage-first heap   total 131072K, used 17073K [0x0000000080000000, 0x0000000100000000)
  region size 1024K, 1 young (1024K), 1 survivors (1024K)
 Metaspace       used 20594K, capacity 21092K, committed 21248K, reserved 1067008K
  class space    used 2509K, capacity 2690K, committed 2816K, reserved 1048576K
}
Event: 11.545 GC heap before
{Heap before GC invocations=4 (full 0):
 garbage-first heap   total 131072K, used 73393K [0x0000000080000000, 0x0000000100000000)
  region size 1024K, 56 young (57344K), 1 survivors (1024K)
 Metaspace       used 26149K, capacity 26817K, committed 27008K, reserved 1073152K
  class space    used 3425K, capacity 3667K, committed 3712K, reserved 1048576K
}
Event: 11.552 GC heap after
{Heap after GC invocations=5 (full 0):
 garbage-first heap   total 131072K, used 18765K [0x0000000080000000, 0x0000000100000000)
  region size 1024K, 3 young (3072K), 3 survivors (3072K)
 Metaspace       used 26149K, capacity 26817K, committed 27008K, reserved 1073152K
  class space    used 3425K, capacity 3667K, committed 3712K, reserved 1048576K
}
Event: 14.160 GC heap before
{Heap before GC invocations=5 (full 0):
 garbage-first heap   total 131072K, used 73037K [0x0000000080000000, 0x0000000100000000)
  region size 1024K, 57 young (58368K), 3 survivors (3072K)
 Metaspace       used 35056K, capacity 35831K, committed 35840K, reserved 1081344K
  class space    used 4539K, capacity 4864K, committed 4864K, reserved 1048576K
}
Event: 14.178 GC heap after
{Heap after GC invocations=6 (full 0):
 garbage-first heap   total 131072K, used 22119K [0x0000000080000000, 0x0000000100000000)
  region size 1024K, 6 young (6144K), 6 survivors (6144K)
 Metaspace       used 35056K, capacity 35831K, committed 35840K, reserved 1081344K
  class space    used 4539K, capacity 4864K, committed 4864K, reserved 1048576K
}
Event: 19.046 GC heap before
{Heap before GC invocations=7 (full 0):
 garbage-first heap   total 131072K, used 86631K [0x0000000080000000, 0x0000000100000000)
  region size 1024K, 67 young (68608K), 6 survivors (6144K)
 Metaspace       used 39645K, capacity 40623K, committed 40832K, reserved 1085440K
  class space    used 5065K, capacity 5390K, committed 5504K, reserved 1048576K
}
Event: 19.065 GC heap after
{Heap after GC invocations=8 (full 0):
 garbage-first heap   total 131072K, used 27225K [0x0000000080000000, 0x0000000100000000)
  region size 1024K, 9 young (9216K), 9 survivors (9216K)
 Metaspace       used 39645K, capacity 40623K, committed 40832K, reserved 1085440K
  class space    used 5065K, capacity 5390K, committed 5504K, reserved 1048576K
}
Event: 22.841 GC heap before
{Heap before GC invocations=8 (full 0):
 garbage-first heap   total 131072K, used 89689K [0x0000000080000000, 0x0000000100000000)
  region size 1024K, 69 young (70656K), 9 survivors (9216K)
 Metaspace       used 45171K, capacity 46336K, committed 46464K, reserved 1089536K
  class space    used 5805K, capacity 6224K, committed 6272K, reserved 1048576K
}
Event: 22.867 GC heap after
{Heap after GC invocations=9 (full 0):
 garbage-first heap   total 131072K, used 29099K [0x0000000080000000, 0x0000000100000000)
  region size 1024K, 3 young (3072K), 3 survivors (3072K)
 Metaspace       used 45171K, capacity 46336K, committed 46464K, reserved 1089536K
  class space    used 5805K, capacity 6224K, committed 6272K, reserved 1048576K
}

